2019-06-20 14:34:09,212 - {dataSource-1} inited
 2019-06-20 14:34:09,979 - no bean
 2019-06-20 14:34:10,064 - {dataSource-2} inited
 2019-06-20 14:34:11,143 - no bean
 2019-06-20 14:34:11,214 - {dataSource-3} inited
 2019-06-20 14:35:39,236 - merchantCode:null
 2019-06-20 14:35:39,236 - merchantCode:hs
 2019-06-20 14:35:39,301 - merchantCode:null
 2019-06-20 14:35:43,301 - merchantCode:null
 2019-06-20 14:36:23,603 - merchantCode:null
 2019-06-20 14:36:25,265 - merchantCode:null
 2019-06-20 14:36:25,265 - merchantCode:hs
 2019-06-20 14:36:25,394 - merchantCode:null
 2019-06-20 14:39:26,995 - merchantCode:null
 2019-06-20 14:39:26,995 - merchantCode:hs
 2019-06-20 14:39:27,071 - merchantCode:null
 2019-06-20 14:39:29,548 - merchantCode:hs
 2019-06-20 14:39:29,548 - merchantCode:null
 2019-06-20 14:39:29,639 - merchantCode:null
 2019-06-20 14:39:30,543 - merchantCode:null
 2019-06-20 14:39:30,543 - merchantCode:hs
 2019-06-20 14:39:30,620 - merchantCode:null
 2019-06-20 14:39:30,908 - merchantCode:hs
 2019-06-20 14:39:30,910 - merchantCode:null
 2019-06-20 14:39:30,989 - merchantCode:null
 2019-06-20 14:39:31,258 - merchantCode:null
 2019-06-20 14:39:31,258 - merchantCode:hs
 2019-06-20 14:39:31,346 - merchantCode:null
 2019-06-20 14:39:31,644 - merchantCode:hs
 2019-06-20 14:39:31,644 - merchantCode:null
 2019-06-20 14:39:31,715 - merchantCode:null
 2019-06-20 14:39:32,138 - merchantCode:hs
 2019-06-20 14:39:32,138 - merchantCode:null
 2019-06-20 14:39:32,226 - merchantCode:null
 2019-06-20 14:39:42,146 - merchantCode:null
 2019-06-20 14:39:42,147 - merchantCode:hs
 2019-06-20 14:39:42,240 - merchantCode:null
 2019-06-20 14:39:54,567 - merchantCode:null
 2019-06-20 14:39:55,891 - merchantCode:null
 2019-06-20 14:39:55,891 - merchantCode:hs
 2019-06-20 14:39:56,015 - merchantCode:null
 2019-06-20 14:45:09,070 - {dataSource-1} inited
 2019-06-20 14:45:09,774 - no bean
 2019-06-20 14:45:09,871 - {dataSource-2} inited
 2019-06-20 14:45:10,930 - no bean
 2019-06-20 14:45:11,001 - {dataSource-3} inited
 2019-06-20 14:46:26,663 - merchantCode:null
 2019-06-20 14:46:26,663 - merchantCode:hs
 2019-06-20 14:46:26,909 - merchantCode:null
 2019-06-20 14:46:42,067 - merchantCode:null
 2019-06-20 14:46:43,369 - merchantCode:null
 2019-06-20 14:46:43,370 - merchantCode:hs
 2019-06-20 14:46:43,486 - merchantCode:null
 